08:08:36.960 ERROR None Server - There was a problem parsing /home/seven4n/Workspace/Scala/crudusers/.ensime
java.lang.IllegalArgumentException: requirement failed: /home/seven4n/Workspace/Scala/crudusers/src/main/java is required but does not exist
	at scala.Predef$.require(Predef.scala:277)
	at org.ensime.api.EnsimeProject.$anonfun$new$5(config.scala:102)
	at org.ensime.api.EnsimeProject.$anonfun$new$5$adapted(config.scala:102)
	at scala.collection.immutable.Set$Set4.foreach(Set.scala:206)
	at org.ensime.api.EnsimeProject.<init>(config.scala:102)
	at org.ensime.config.EnsimeConfigProtocol$anon$macro$28$1.from(EnsimeConfigProtocol.scala:27)
	at org.ensime.config.EnsimeConfigProtocol$anon$macro$28$1.from(EnsimeConfigProtocol.scala:27)
	at org.ensime.sexp.formats.LegacyLowPriorityProductFormats$$anon$1.read(LegacyProductFormats.scala:85)
	at org.ensime.sexp.Sexp.convertTo(Sexp.scala:21)
	at org.ensime.sexp.formats.CollectionFormats$$anon$1.$anonfun$read$1(CollectionFormats.scala:67)
	at scala.collection.TraversableLike.$anonfun$map$1(TraversableLike.scala:234)
	at scala.collection.immutable.List.foreach(List.scala:378)
	at scala.collection.TraversableLike.map(TraversableLike.scala:234)
	at scala.collection.TraversableLike.map$(TraversableLike.scala:227)
	at scala.collection.immutable.List.map(List.scala:284)
	at org.ensime.sexp.formats.CollectionFormats$$anon$1.read(CollectionFormats.scala:67)
	at org.ensime.sexp.formats.LegacyLowPriorityProductFormats$HListFormat$$anon$4.read(LegacyProductFormats.scala:41)
	at org.ensime.sexp.formats.LegacyLowPriorityProductFormats$HListFormat$$anon$4.read(LegacyProductFormats.scala:35)
	at org.ensime.sexp.formats.LegacyLowPriorityProductFormats$HListFormat$$anon$4.read(LegacyProductFormats.scala:41)
	at org.ensime.sexp.formats.LegacyLowPriorityProductFormats$HListFormat$$anon$4.read(LegacyProductFormats.scala:35)
	at org.ensime.sexp.formats.LegacyLowPriorityProductFormats$HListFormat$$anon$4.read(LegacyProductFormats.scala:41)
	at org.ensime.sexp.formats.LegacyLowPriorityProductFormats$HListFormat$$anon$4.read(LegacyProductFormats.scala:35)
	at org.ensime.sexp.formats.LegacyLowPriorityProductFormats$HListFormat$$anon$4.read(LegacyProductFormats.scala:41)
	at org.ensime.sexp.formats.LegacyLowPriorityProductFormats$HListFormat$$anon$4.read(LegacyProductFormats.scala:35)
	at org.ensime.sexp.formats.LegacyLowPriorityProductFormats$HListFormat$$anon$4.read(LegacyProductFormats.scala:41)
	at org.ensime.sexp.formats.LegacyLowPriorityProductFormats$HListFormat$$anon$4.read(LegacyProductFormats.scala:35)
	at org.ensime.sexp.formats.LegacyLowPriorityProductFormats$HListFormat$$anon$4.read(LegacyProductFormats.scala:41)
	at org.ensime.sexp.formats.LegacyLowPriorityProductFormats$HListFormat$$anon$4.read(LegacyProductFormats.scala:35)
	at org.ensime.sexp.formats.LegacyLowPriorityProductFormats$HListFormat$$anon$4.read(LegacyProductFormats.scala:41)
	at org.ensime.sexp.formats.LegacyLowPriorityProductFormats$HListFormat$$anon$4.read(LegacyProductFormats.scala:35)
	at org.ensime.sexp.formats.LegacyLowPriorityProductFormats$HListFormat$$anon$4.read(LegacyProductFormats.scala:41)
	at org.ensime.sexp.formats.LegacyLowPriorityProductFormats$HListFormat$$anon$4.read(LegacyProductFormats.scala:35)
	at org.ensime.sexp.formats.LegacyLowPriorityProductFormats$HListFormat$$anon$4.read(LegacyProductFormats.scala:41)
	at org.ensime.sexp.formats.LegacyLowPriorityProductFormats$HListFormat$$anon$4.read(LegacyProductFormats.scala:35)
	at org.ensime.sexp.formats.LegacyLowPriorityProductFormats$$anon$1.read(LegacyProductFormats.scala:85)
	at org.ensime.sexp.Sexp.convertTo(Sexp.scala:21)
	at org.ensime.config.EnsimeConfigProtocol$.parse(EnsimeConfigProtocol.scala:32)
	at org.ensime.server.Server$.main(Server.scala:132)
	at org.ensime.server.Server.main(Server.scala)
Exception in thread "main" java.lang.IllegalArgumentException: requirement failed: /home/seven4n/Workspace/Scala/crudusers/src/main/java is required but does not exist
	at scala.Predef$.require(Predef.scala:277)
	at org.ensime.api.EnsimeProject.$anonfun$new$5(config.scala:102)
	at org.ensime.api.EnsimeProject.$anonfun$new$5$adapted(config.scala:102)
	at scala.collection.immutable.Set$Set4.foreach(Set.scala:206)
	at org.ensime.api.EnsimeProject.<init>(config.scala:102)
	at org.ensime.config.EnsimeConfigProtocol$anon$macro$28$1.from(EnsimeConfigProtocol.scala:27)
	at org.ensime.config.EnsimeConfigProtocol$anon$macro$28$1.from(EnsimeConfigProtocol.scala:27)
	at org.ensime.sexp.formats.LegacyLowPriorityProductFormats$$anon$1.read(LegacyProductFormats.scala:85)
	at org.ensime.sexp.Sexp.convertTo(Sexp.scala:21)
	at org.ensime.sexp.formats.CollectionFormats$$anon$1.$anonfun$read$1(CollectionFormats.scala:67)
	at scala.collection.TraversableLike.$anonfun$map$1(TraversableLike.scala:234)
	at scala.collection.immutable.List.foreach(List.scala:378)
	at scala.collection.TraversableLike.map(TraversableLike.scala:234)
	at scala.collection.TraversableLike.map$(TraversableLike.scala:227)
	at scala.collection.immutable.List.map(List.scala:284)
	at org.ensime.sexp.formats.CollectionFormats$$anon$1.read(CollectionFormats.scala:67)
	at org.ensime.sexp.formats.LegacyLowPriorityProductFormats$HListFormat$$anon$4.read(LegacyProductFormats.scala:41)
	at org.ensime.sexp.formats.LegacyLowPriorityProductFormats$HListFormat$$anon$4.read(LegacyProductFormats.scala:35)
	at org.ensime.sexp.formats.LegacyLowPriorityProductFormats$HListFormat$$anon$4.read(LegacyProductFormats.scala:41)
	at org.ensime.sexp.formats.LegacyLowPriorityProductFormats$HListFormat$$anon$4.read(LegacyProductFormats.scala:35)
	at org.ensime.sexp.formats.LegacyLowPriorityProductFormats$HListFormat$$anon$4.read(LegacyProductFormats.scala:41)
	at org.ensime.sexp.formats.LegacyLowPriorityProductFormats$HListFormat$$anon$4.read(LegacyProductFormats.scala:35)
	at org.ensime.sexp.formats.LegacyLowPriorityProductFormats$HListFormat$$anon$4.read(LegacyProductFormats.scala:41)
	at org.ensime.sexp.formats.LegacyLowPriorityProductFormats$HListFormat$$anon$4.read(LegacyProductFormats.scala:35)
	at org.ensime.sexp.formats.LegacyLowPriorityProductFormats$HListFormat$$anon$4.read(LegacyProductFormats.scala:41)
	at org.ensime.sexp.formats.LegacyLowPriorityProductFormats$HListFormat$$anon$4.read(LegacyProductFormats.scala:35)
	at org.ensime.sexp.formats.LegacyLowPriorityProductFormats$HListFormat$$anon$4.read(LegacyProductFormats.scala:41)
	at org.ensime.sexp.formats.LegacyLowPriorityProductFormats$HListFormat$$anon$4.read(LegacyProductFormats.scala:35)
	at org.ensime.sexp.formats.LegacyLowPriorityProductFormats$HListFormat$$anon$4.read(LegacyProductFormats.scala:41)
	at org.ensime.sexp.formats.LegacyLowPriorityProductFormats$HListFormat$$anon$4.read(LegacyProductFormats.scala:35)
	at org.ensime.sexp.formats.LegacyLowPriorityProductFormats$HListFormat$$anon$4.read(LegacyProductFormats.scala:41)
	at org.ensime.sexp.formats.LegacyLowPriorityProductFormats$HListFormat$$anon$4.read(LegacyProductFormats.scala:35)
	at org.ensime.sexp.formats.LegacyLowPriorityProductFormats$HListFormat$$anon$4.read(LegacyProductFormats.scala:41)
	at org.ensime.sexp.formats.LegacyLowPriorityProductFormats$HListFormat$$anon$4.read(LegacyProductFormats.scala:35)
	at org.ensime.sexp.formats.LegacyLowPriorityProductFormats$$anon$1.read(LegacyProductFormats.scala:85)
	at org.ensime.sexp.Sexp.convertTo(Sexp.scala:21)
	at org.ensime.config.EnsimeConfigProtocol$.parse(EnsimeConfigProtocol.scala:32)
	at org.ensime.server.Server$.main(Server.scala:132)
	at org.ensime.server.Server.main(Server.scala)
